{"/Users/brian/Documents/se181 proj/se181_project/iRoyalty/unit-tests/test.js":{"path":"/Users/brian/Documents/se181 proj/se181_project/iRoyalty/unit-tests/test.js","s":{"1":1,"2":1,"3":1,"4":1,"5":1,"6":1,"7":1,"8":1,"9":1,"10":0,"11":0,"12":0,"13":0,"14":0,"15":0,"16":0,"17":0,"18":0,"19":0,"20":0,"21":0,"22":0,"23":0,"24":0,"25":0,"26":0,"27":0,"28":0,"29":0,"30":0,"31":0,"32":0,"33":0,"34":0,"35":0,"36":0,"37":0,"38":0,"39":0,"40":0,"41":0,"42":0,"43":0,"44":0,"45":0,"46":0,"47":0,"48":0,"49":0,"50":0,"51":0,"52":0,"53":0,"54":0,"55":0},"b":{},"f":{"1":0,"2":0,"3":0,"4":0,"5":0,"6":0,"7":0,"8":0,"9":0,"10":0,"11":0,"12":0,"13":0,"14":0,"15":0},"fnMap":{"1":{"name":"(anonymous_1)","line":20,"loc":{"start":{"line":20,"column":29},"end":{"line":20,"column":39}}},"2":{"name":"(anonymous_2)","line":23,"loc":{"start":{"line":23,"column":15},"end":{"line":23,"column":29}}},"3":{"name":"(anonymous_3)","line":29,"loc":{"start":{"line":29,"column":14},"end":{"line":29,"column":28}}},"4":{"name":"(anonymous_4)","line":35,"loc":{"start":{"line":35,"column":35},"end":{"line":35,"column":45}}},"5":{"name":"(anonymous_5)","line":36,"loc":{"start":{"line":36,"column":30},"end":{"line":36,"column":44}}},"6":{"name":"(anonymous_6)","line":42,"loc":{"start":{"line":42,"column":37},"end":{"line":42,"column":47}}},"7":{"name":"(anonymous_7)","line":43,"loc":{"start":{"line":43,"column":28},"end":{"line":43,"column":42}}},"8":{"name":"(anonymous_8)","line":49,"loc":{"start":{"line":49,"column":37},"end":{"line":49,"column":47}}},"9":{"name":"(anonymous_9)","line":50,"loc":{"start":{"line":50,"column":36},"end":{"line":50,"column":50}}},"10":{"name":"(anonymous_10)","line":55,"loc":{"start":{"line":55,"column":40},"end":{"line":55,"column":54}}},"11":{"name":"(anonymous_11)","line":60,"loc":{"start":{"line":60,"column":34},"end":{"line":60,"column":48}}},"12":{"name":"(anonymous_12)","line":66,"loc":{"start":{"line":66,"column":39},"end":{"line":66,"column":49}}},"13":{"name":"(anonymous_13)","line":67,"loc":{"start":{"line":67,"column":33},"end":{"line":67,"column":47}}},"14":{"name":"(anonymous_14)","line":72,"loc":{"start":{"line":72,"column":34},"end":{"line":72,"column":48}}},"15":{"name":"(anonymous_15)","line":77,"loc":{"start":{"line":77,"column":29},"end":{"line":77,"column":43}}}},"statementMap":{"1":{"start":{"line":5,"column":0},"end":{"line":5,"column":38}},"2":{"start":{"line":6,"column":0},"end":{"line":6,"column":39}},"3":{"start":{"line":7,"column":0},"end":{"line":11,"column":6}},"4":{"start":{"line":12,"column":0},"end":{"line":12,"column":34}},"5":{"start":{"line":13,"column":0},"end":{"line":15,"column":6}},"6":{"start":{"line":16,"column":0},"end":{"line":16,"column":11}},"7":{"start":{"line":17,"column":0},"end":{"line":17,"column":13}},"8":{"start":{"line":18,"column":0},"end":{"line":18,"column":14}},"9":{"start":{"line":20,"column":0},"end":{"line":83,"column":2}},"10":{"start":{"line":21,"column":4},"end":{"line":21,"column":24}},"11":{"start":{"line":23,"column":4},"end":{"line":28,"column":6}},"12":{"start":{"line":24,"column":8},"end":{"line":24,"column":35}},"13":{"start":{"line":25,"column":8},"end":{"line":25,"column":68}},"14":{"start":{"line":26,"column":8},"end":{"line":26,"column":69}},"15":{"start":{"line":27,"column":8},"end":{"line":27,"column":15}},"16":{"start":{"line":29,"column":4},"end":{"line":33,"column":6}},"17":{"start":{"line":30,"column":8},"end":{"line":30,"column":30}},"18":{"start":{"line":31,"column":8},"end":{"line":31,"column":31}},"19":{"start":{"line":32,"column":8},"end":{"line":32,"column":15}},"20":{"start":{"line":35,"column":4},"end":{"line":41,"column":6}},"21":{"start":{"line":36,"column":8},"end":{"line":40,"column":10}},"22":{"start":{"line":37,"column":12},"end":{"line":37,"column":50}},"23":{"start":{"line":38,"column":12},"end":{"line":38,"column":48}},"24":{"start":{"line":39,"column":12},"end":{"line":39,"column":19}},"25":{"start":{"line":42,"column":4},"end":{"line":48,"column":6}},"26":{"start":{"line":43,"column":8},"end":{"line":47,"column":10}},"27":{"start":{"line":44,"column":12},"end":{"line":44,"column":49}},"28":{"start":{"line":45,"column":12},"end":{"line":45,"column":48}},"29":{"start":{"line":46,"column":12},"end":{"line":46,"column":19}},"30":{"start":{"line":49,"column":4},"end":{"line":65,"column":6}},"31":{"start":{"line":50,"column":8},"end":{"line":54,"column":10}},"32":{"start":{"line":51,"column":12},"end":{"line":51,"column":55}},"33":{"start":{"line":52,"column":12},"end":{"line":52,"column":52}},"34":{"start":{"line":53,"column":12},"end":{"line":53,"column":19}},"35":{"start":{"line":55,"column":8},"end":{"line":59,"column":10}},"36":{"start":{"line":56,"column":12},"end":{"line":56,"column":59}},"37":{"start":{"line":57,"column":12},"end":{"line":57,"column":52}},"38":{"start":{"line":58,"column":12},"end":{"line":58,"column":19}},"39":{"start":{"line":60,"column":8},"end":{"line":64,"column":10}},"40":{"start":{"line":61,"column":12},"end":{"line":61,"column":52}},"41":{"start":{"line":62,"column":12},"end":{"line":62,"column":52}},"42":{"start":{"line":63,"column":12},"end":{"line":63,"column":19}},"43":{"start":{"line":66,"column":4},"end":{"line":82,"column":6}},"44":{"start":{"line":67,"column":8},"end":{"line":71,"column":10}},"45":{"start":{"line":68,"column":12},"end":{"line":68,"column":51}},"46":{"start":{"line":69,"column":12},"end":{"line":69,"column":52}},"47":{"start":{"line":70,"column":12},"end":{"line":70,"column":19}},"48":{"start":{"line":72,"column":8},"end":{"line":76,"column":10}},"49":{"start":{"line":73,"column":12},"end":{"line":73,"column":51}},"50":{"start":{"line":74,"column":12},"end":{"line":74,"column":52}},"51":{"start":{"line":75,"column":12},"end":{"line":75,"column":19}},"52":{"start":{"line":77,"column":8},"end":{"line":81,"column":10}},"53":{"start":{"line":78,"column":12},"end":{"line":78,"column":47}},"54":{"start":{"line":79,"column":12},"end":{"line":79,"column":52}},"55":{"start":{"line":80,"column":12},"end":{"line":80,"column":19}}},"branchMap":{}}}